{"timestamp": "2026-06-19T19:06:38.793493", "tool": "shell", "action": "echo", "success": true, "error": null, "duration_seconds": 0.1255, "details": {"command": "echo hello", "cwd": "."}}
{"timestamp": "2026-06-19T19:06:46.004111", "tool": "shell", "action": "echo", "success": true, "error": null, "duration_seconds": 0.0895, "details": {"command": "echo hello", "cwd": "."}}
{"timestamp": "2026-06-19T19:49:06.363585", "tool": "shell", "action": "echo", "success": true, "error": null, "duration_seconds": 0.0536, "details": {"command": "echo hello", "cwd": "."}}
{"timestamp": "2026-06-19T20:08:26.349535", "tool": "shell", "action": "echo", "success": true, "error": null, "duration_seconds": 0.053, "details": {"command": "echo hello", "cwd": "."}}
{"timestamp": "2026-06-19T20:09:32.300500", "tool": "shell", "action": "echo", "success": true, "error": null, "duration_seconds": 0.0799, "details": {"command": "echo hello", "cwd": "."}}
{"timestamp": "2026-06-19T20:12:47.452711", "tool": "shell", "action": "echo", "success": true, "error": null, "duration_seconds": 0.0413, "details": {"command": "echo hello", "cwd": "."}}
{"timestamp": "2026-06-19T20:14:16.877476", "tool": "shell", "action": "echo", "success": true, "error": null, "duration_seconds": 0.0425, "details": {"command": "echo hello", "cwd": "."}}
{"timestamp": "2026-06-19T20:18:01.364913", "tool": "shell", "action": "echo", "success": true, "error": null, "duration_seconds": 0.0618, "details": {"command": "echo hello", "cwd": "."}}
{"timestamp": "2026-06-19T20:19:14.047529", "tool": "shell", "action": "echo", "success": true, "error": null, "duration_seconds": 0.0848, "details": {"command": "echo hello", "cwd": "."}}
{"timestamp": "2026-06-19T21:33:36.956450", "tool": "shell", "action": "echo", "success": true, "error": null, "duration_seconds": 0.062, "details": {"command": "echo hello", "cwd": "."}}
{"timestamp": "2026-06-19T21:35:03.700036", "tool": "shell", "action": "echo", "success": true, "error": null, "duration_seconds": 0.0367, "details": {"command": "echo hello", "cwd": "."}}
{"timestamp": "2026-06-20T17:44:11.337080", "tool": "shell", "action": "echo", "success": true, "error": null, "duration_seconds": 0.0214, "details": {"command": "echo hello", "cwd": "."}}
{"timestamp": "2026-06-20T18:04:24.435288", "tool": "shell", "action": "echo", "success": true, "error": null, "duration_seconds": 0.0033, "details": {"command": "echo hello", "cwd": "."}}
{"timestamp": "2026-06-20T18:04:56.713302", "tool": "shell", "action": "echo", "success": true, "error": null, "duration_seconds": 0.0058, "details": {"command": "echo hello", "cwd": "."}}
{"timestamp": "2026-06-20T18:06:39.000762", "tool": "shell", "action": "echo", "success": true, "error": null, "duration_seconds": 0.0033, "details": {"command": "echo hello", "cwd": "."}}
{"timestamp": "2026-06-20T18:09:41.644922+00:00", "tool": "shell", "action": "echo", "success": true, "error": null, "duration_seconds": 0.0028, "details": {"command": "echo hello", "cwd": "."}}
{"timestamp": "2026-06-20T18:10:08.600670+00:00", "tool": "shell", "action": "echo", "success": true, "error": null, "duration_seconds": 0.0026, "details": {"command": "echo hello", "cwd": "."}}
{"timestamp": "2026-06-20T18:10:59.606708+00:00", "tool": "shell", "action": "echo", "success": true, "error": null, "duration_seconds": 0.0029, "details": {"command": "echo hello", "cwd": "."}}
{"timestamp": "2026-06-20T18:11:36.553596+00:00", "tool": "shell", "action": "echo", "success": true, "error": null, "duration_seconds": 0.0029, "details": {"command": "echo hello", "cwd": "."}}
{"timestamp": "2026-06-20T18:11:42.465217+00:00", "tool": "shell", "action": "echo", "success": true, "error": null, "duration_seconds": 0.004, "details": {"command": "echo hello", "cwd": "."}}
{"timestamp": "2026-06-20T20:34:51.758405+00:00", "tool": "shell", "action": "echo", "success": true, "error": null, "duration_seconds": 0.0241, "details": {"command": "echo certified", "cwd": "."}}
{"timestamp": "2026-06-20T20:35:58.395952+00:00", "tool": "shell", "action": "echo", "success": true, "error": null, "duration_seconds": 0.0032, "details": {"command": "echo certified", "cwd": "."}}
{"timestamp": "2026-06-20T20:38:42.212462+00:00", "tool": "shell", "action": "echo", "success": true, "error": null, "duration_seconds": 0.0032, "details": {"command": "echo certified", "cwd": "."}}
{"timestamp": "2026-06-20T20:51:43.239107+00:00", "tool": "shell", "action": "echo", "success": true, "error": null, "duration_seconds": 0.0033, "details": {"command": "echo Cursor", "cwd": "."}}
{"timestamp": "2026-06-20T20:51:51.954181+00:00", "tool": "shell", "action": "echo", "success": true, "error": null, "duration_seconds": 0.0032, "details": {"command": "echo Windsurf", "cwd": "."}}
{"timestamp": "2026-06-20T20:59:17.682204+00:00", "tool": "shell", "action": "echo", "success": true, "error": null, "duration_seconds": 0.016, "details": {"command": "echo 2", "cwd": "."}}
{"timestamp": "2026-06-20T20:59:17.683568+00:00", "tool": "shell", "action": "echo", "success": true, "error": null, "duration_seconds": 0.0263, "details": {"command": "echo 0", "cwd": "."}}
{"timestamp": "2026-06-20T20:59:17.684004+00:00", "tool": "shell", "action": "echo", "success": true, "error": null, "duration_seconds": 0.0098, "details": {"command": "echo 4", "cwd": "."}}
{"timestamp": "2026-06-20T20:59:17.684293+00:00", "tool": "shell", "action": "echo", "success": true, "error": null, "duration_seconds": 0.0226, "details": {"command": "echo 1", "cwd": "."}}
{"timestamp": "2026-06-20T20:59:17.687861+00:00", "tool": "shell", "action": "echo", "success": true, "error": null, "duration_seconds": 0.0176, "details": {"command": "echo 3", "cwd": "."}}
{"timestamp": "2026-06-20T20:59:17.705355+00:00", "tool": "shell", "action": "echo", "success": true, "error": null, "duration_seconds": 0.0256, "details": {"command": "echo 5", "cwd": "."}}
{"timestamp": "2026-06-20T20:59:17.719542+00:00", "tool": "shell", "action": "echo", "success": true, "error": null, "duration_seconds": 0.032, "details": {"command": "echo 6", "cwd": "."}}
{"timestamp": "2026-06-20T20:59:17.720165+00:00", "tool": "shell", "action": "echo", "success": true, "error": null, "duration_seconds": 0.0278, "details": {"command": "echo 7", "cwd": "."}}
{"timestamp": "2026-06-20T20:59:17.727583+00:00", "tool": "shell", "action": "echo", "success": true, "error": null, "duration_seconds": 0.028, "details": {"command": "echo 9", "cwd": "."}}
{"timestamp": "2026-06-20T20:59:17.731532+00:00", "tool": "shell", "action": "echo", "success": true, "error": null, "duration_seconds": 0.0357, "details": {"command": "echo 8", "cwd": "."}}
{"timestamp": "2026-06-20T20:59:17.748714+00:00", "tool": "shell", "action": "echo", "success": true, "error": null, "duration_seconds": 0.0303, "details": {"command": "echo 13", "cwd": "."}}
{"timestamp": "2026-06-20T20:59:17.750809+00:00", "tool": "shell", "action": "echo", "success": true, "error": null, "duration_seconds": 0.0202, "details": {"command": "echo 15", "cwd": "."}}
{"timestamp": "2026-06-20T20:59:17.754555+00:00", "tool": "shell", "action": "echo", "success": true, "error": null, "duration_seconds": 0.05, "details": {"command": "echo 10", "cwd": "."}}
{"timestamp": "2026-06-20T20:59:17.756639+00:00", "tool": "shell", "action": "echo", "success": true, "error": null, "duration_seconds": 0.0419, "details": {"command": "echo 12", "cwd": "."}}
{"timestamp": "2026-06-20T20:59:17.760835+00:00", "tool": "shell", "action": "echo", "success": true, "error": null, "duration_seconds": 0.0211, "details": {"command": "echo 17", "cwd": "."}}
{"timestamp": "2026-06-20T20:59:17.757029+00:00", "tool": "shell", "action": "echo", "success": true, "error": null, "duration_seconds": 0.0483, "details": {"command": "echo 11", "cwd": "."}}
{"timestamp": "2026-06-20T20:59:17.757560+00:00", "tool": "shell", "action": "echo", "success": true, "error": null, "duration_seconds": 0.0309, "details": {"command": "echo 14", "cwd": "."}}
{"timestamp": "2026-06-20T20:59:17.784344+00:00", "tool": "shell", "action": "echo", "success": true, "error": null, "duration_seconds": 0.0486, "details": {"command": "echo 16", "cwd": "."}}
{"timestamp": "2026-06-20T20:59:17.789515+00:00", "tool": "shell", "action": "echo", "success": true, "error": null, "duration_seconds": 0.0354, "details": {"command": "echo 20", "cwd": "."}}
{"timestamp": "2026-06-20T20:59:17.783837+00:00", "tool": "shell", "action": "echo", "success": true, "error": null, "duration_seconds": 0.0354, "details": {"command": "echo 19", "cwd": "."}}
{"timestamp": "2026-06-20T20:59:17.783277+00:00", "tool": "shell", "action": "echo", "success": true, "error": null, "duration_seconds": 0.0392, "details": {"command": "echo 18", "cwd": "."}}
{"timestamp": "2026-06-20T20:59:17.791158+00:00", "tool": "shell", "action": "echo", "success": true, "error": null, "duration_seconds": 0.0307, "details": {"command": "echo 21", "cwd": "."}}
{"timestamp": "2026-06-20T20:59:17.796125+00:00", "tool": "shell", "action": "echo", "success": true, "error": null, "duration_seconds": 0.0201, "details": {"command": "echo 25", "cwd": "."}}
{"timestamp": "2026-06-20T20:59:17.797144+00:00", "tool": "shell", "action": "echo", "success": true, "error": null, "duration_seconds": 0.0325, "details": {"command": "echo 22", "cwd": "."}}
{"timestamp": "2026-06-20T20:59:17.801310+00:00", "tool": "shell", "action": "echo", "success": true, "error": null, "duration_seconds": 0.0286, "details": {"command": "echo 24", "cwd": "."}}
{"timestamp": "2026-06-20T20:59:17.815180+00:00", "tool": "shell", "action": "echo", "success": true, "error": null, "duration_seconds": 0.0357, "details": {"command": "echo 26", "cwd": "."}}
{"timestamp": "2026-06-20T20:59:17.824419+00:00", "tool": "shell", "action": "echo", "success": true, "error": null, "duration_seconds": 0.0362, "details": {"command": "echo 27", "cwd": "."}}
{"timestamp": "2026-06-20T20:59:17.813339+00:00", "tool": "shell", "action": "echo", "success": true, "error": null, "duration_seconds": 0.0448, "details": {"command": "echo 23", "cwd": "."}}
{"timestamp": "2026-06-20T20:59:17.832533+00:00", "tool": "shell", "action": "echo", "success": true, "error": null, "duration_seconds": 0.0377, "details": {"command": "echo 28", "cwd": "."}}
{"timestamp": "2026-06-20T20:59:17.839300+00:00", "tool": "shell", "action": "echo", "success": true, "error": null, "duration_seconds": 0.0347, "details": {"command": "echo 30", "cwd": "."}}
{"timestamp": "2026-06-20T20:59:17.838535+00:00", "tool": "shell", "action": "echo", "success": true, "error": null, "duration_seconds": 0.0381, "details": {"command": "echo 29", "cwd": "."}}
{"timestamp": "2026-06-20T20:59:17.840407+00:00", "tool": "shell", "action": "echo", "success": true, "error": null, "duration_seconds": 0.022, "details": {"command": "echo 33", "cwd": "."}}
{"timestamp": "2026-06-20T20:59:17.837870+00:00", "tool": "shell", "action": "echo", "success": true, "error": null, "duration_seconds": 0.0293, "details": {"command": "echo 31", "cwd": "."}}
{"timestamp": "2026-06-20T20:59:17.842392+00:00", "tool": "shell", "action": "echo", "success": true, "error": null, "duration_seconds": 0.0202, "details": {"command": "echo 34", "cwd": "."}}
{"timestamp": "2026-06-20T20:59:17.840119+00:00", "tool": "shell", "action": "echo", "success": true, "error": null, "duration_seconds": 0.0277, "details": {"command": "echo 32", "cwd": "."}}
{"timestamp": "2026-06-20T20:59:17.871984+00:00", "tool": "shell", "action": "echo", "success": true, "error": null, "duration_seconds": 0.0358, "details": {"command": "echo 37", "cwd": "."}}
{"timestamp": "2026-06-20T20:59:17.854420+00:00", "tool": "shell", "action": "echo", "success": true, "error": null, "duration_seconds": 0.0268, "details": {"command": "echo 35", "cwd": "."}}
{"timestamp": "2026-06-20T20:59:17.884988+00:00", "tool": "shell", "action": "echo", "success": true, "error": null, "duration_seconds": 0.0393, "details": {"command": "echo 38", "cwd": "."}}
{"timestamp": "2026-06-20T20:59:17.886226+00:00", "tool": "shell", "action": "echo", "success": true, "error": null, "duration_seconds": 0.0334, "details": {"command": "echo 40", "cwd": "."}}
{"timestamp": "2026-06-20T20:59:17.890402+00:00", "tool": "shell", "action": "echo", "success": true, "error": null, "duration_seconds": 0.0322, "details": {"command": "echo 41", "cwd": "."}}
{"timestamp": "2026-06-20T20:59:17.885656+00:00", "tool": "shell", "action": "echo", "success": true, "error": null, "duration_seconds": 0.0232, "details": {"command": "echo 42", "cwd": "."}}
{"timestamp": "2026-06-20T20:59:17.876670+00:00", "tool": "shell", "action": "echo", "success": true, "error": null, "duration_seconds": 0.0453, "details": {"command": "echo 36", "cwd": "."}}
{"timestamp": "2026-06-20T20:59:17.892028+00:00", "tool": "shell", "action": "echo", "success": true, "error": null, "duration_seconds": 0.0257, "details": {"command": "echo 43", "cwd": "."}}
{"timestamp": "2026-06-20T20:59:17.901139+00:00", "tool": "shell", "action": "echo", "success": true, "error": null, "duration_seconds": 0.0312, "details": {"command": "echo 44", "cwd": "."}}
{"timestamp": "2026-06-20T20:59:17.901437+00:00", "tool": "shell", "action": "echo", "success": true, "error": null, "duration_seconds": 0.0524, "details": {"command": "echo 39", "cwd": "."}}
{"timestamp": "2026-06-20T20:59:17.918526+00:00", "tool": "shell", "action": "echo", "success": true, "error": null, "duration_seconds": 0.0379, "details": {"command": "echo 45", "cwd": "."}}
{"timestamp": "2026-06-20T20:59:17.913494+00:00", "tool": "shell", "action": "echo", "success": true, "error": null, "duration_seconds": 0.029, "details": {"command": "echo 46", "cwd": "."}}
{"timestamp": "2026-06-20T20:59:17.929745+00:00", "tool": "shell", "action": "echo", "success": true, "error": null, "duration_seconds": 0.0343, "details": {"command": "echo 48", "cwd": "."}}
{"timestamp": "2026-06-20T20:59:17.929904+00:00", "tool": "shell", "action": "echo", "success": true, "error": null, "duration_seconds": 0.0249, "details": {"command": "echo 50", "cwd": "."}}
{"timestamp": "2026-06-20T20:59:17.941576+00:00", "tool": "shell", "action": "echo", "success": true, "error": null, "duration_seconds": 0.0243, "details": {"command": "echo 53", "cwd": "."}}
{"timestamp": "2026-06-20T20:59:17.937781+00:00", "tool": "shell", "action": "echo", "success": true, "error": null, "duration_seconds": 0.0382, "details": {"command": "echo 49", "cwd": "."}}
{"timestamp": "2026-06-20T20:59:17.929853+00:00", "tool": "shell", "action": "echo", "success": true, "error": null, "duration_seconds": 0.0402, "details": {"command": "echo 47", "cwd": "."}}
{"timestamp": "2026-06-20T20:59:17.941991+00:00", "tool": "shell", "action": "echo", "success": true, "error": null, "duration_seconds": 0.0299, "details": {"command": "echo 52", "cwd": "."}}
{"timestamp": "2026-06-20T20:59:17.962225+00:00", "tool": "shell", "action": "echo", "success": true, "error": null, "duration_seconds": 0.029, "details": {"command": "echo 56", "cwd": "."}}
{"timestamp": "2026-06-20T20:59:17.956072+00:00", "tool": "shell", "action": "echo", "success": true, "error": null, "duration_seconds": 0.03, "details": {"command": "echo 55", "cwd": "."}}
{"timestamp": "2026-06-20T20:59:17.972017+00:00", "tool": "shell", "action": "echo", "success": true, "error": null, "duration_seconds": 0.0636, "details": {"command": "echo 51", "cwd": "."}}
{"timestamp": "2026-06-20T20:59:17.971030+00:00", "tool": "shell", "action": "echo", "success": true, "error": null, "duration_seconds": 0.0345, "details": {"command": "echo 57", "cwd": "."}}
{"timestamp": "2026-06-20T20:59:17.980253+00:00", "tool": "shell", "action": "echo", "success": true, "error": null, "duration_seconds": 0.0332, "details": {"command": "echo 59", "cwd": "."}}
{"timestamp": "2026-06-20T20:59:17.979703+00:00", "tool": "shell", "action": "echo", "success": true, "error": null, "duration_seconds": 0.0579, "details": {"command": "echo 54", "cwd": "."}}
{"timestamp": "2026-06-20T20:59:17.999792+00:00", "tool": "shell", "action": "echo", "success": true, "error": null, "duration_seconds": 0.0403, "details": {"command": "echo 61", "cwd": "."}}
{"timestamp": "2026-06-20T20:59:17.986186+00:00", "tool": "shell", "action": "echo", "success": true, "error": null, "duration_seconds": 0.031, "details": {"command": "echo 60", "cwd": "."}}
{"timestamp": "2026-06-20T20:59:18.010453+00:00", "tool": "shell", "action": "echo", "success": true, "error": null, "duration_seconds": 0.0132, "details": {"command": "echo 68", "cwd": "."}}
{"timestamp": "2026-06-20T20:59:18.014953+00:00", "tool": "shell", "action": "echo", "success": true, "error": null, "duration_seconds": 0.0358, "details": {"command": "echo 65", "cwd": "."}}
{"timestamp": "2026-06-20T20:59:18.015285+00:00", "tool": "shell", "action": "echo", "success": true, "error": null, "duration_seconds": 0.0449, "details": {"command": "echo 63", "cwd": "."}}
{"timestamp": "2026-06-20T20:59:18.017028+00:00", "tool": "shell", "action": "echo", "success": true, "error": null, "duration_seconds": 0.0415, "details": {"command": "echo 64", "cwd": "."}}
{"timestamp": "2026-06-20T20:59:18.004125+00:00", "tool": "shell", "action": "echo", "success": true, "error": null, "duration_seconds": 0.063, "details": {"command": "echo 58", "cwd": "."}}
{"timestamp": "2026-06-20T20:59:18.016674+00:00", "tool": "shell", "action": "echo", "success": true, "error": null, "duration_seconds": 0.0081, "details": {"command": "echo 70", "cwd": "."}}
{"timestamp": "2026-06-20T20:59:18.020601+00:00", "tool": "shell", "action": "echo", "success": true, "error": null, "duration_seconds": 0.0347, "details": {"command": "echo 66", "cwd": "."}}
{"timestamp": "2026-06-20T20:59:18.029972+00:00", "tool": "shell", "action": "echo", "success": true, "error": null, "duration_seconds": 0.0647, "details": {"command": "echo 62", "cwd": "."}}
{"timestamp": "2026-06-20T20:59:18.039143+00:00", "tool": "shell", "action": "echo", "success": true, "error": null, "duration_seconds": 0.0106, "details": {"command": "echo 74", "cwd": "."}}
{"timestamp": "2026-06-20T20:59:18.044088+00:00", "tool": "shell", "action": "echo", "success": true, "error": null, "duration_seconds": 0.0454, "details": {"command": "echo 67", "cwd": "."}}
{"timestamp": "2026-06-20T20:59:18.050038+00:00", "tool": "shell", "action": "echo", "success": true, "error": null, "duration_seconds": 0.0469, "details": {"command": "echo 69", "cwd": "."}}
{"timestamp": "2026-06-20T20:59:18.066253+00:00", "tool": "shell", "action": "echo", "success": true, "error": null, "duration_seconds": 0.0461, "details": {"command": "echo 72", "cwd": "."}}
{"timestamp": "2026-06-20T20:59:18.043618+00:00", "tool": "shell", "action": "echo", "success": true, "error": null, "duration_seconds": 0.0299, "details": {"command": "echo 71", "cwd": "."}}
{"timestamp": "2026-06-20T20:59:18.076875+00:00", "tool": "shell", "action": "echo", "success": true, "error": null, "duration_seconds": 0.0141, "details": {"command": "echo 80", "cwd": "."}}
{"timestamp": "2026-06-20T20:59:18.064247+00:00", "tool": "shell", "action": "echo", "success": true, "error": null, "duration_seconds": 0.0311, "details": {"command": "echo 75", "cwd": "."}}
{"timestamp": "2026-06-20T20:59:18.077394+00:00", "tool": "shell", "action": "echo", "success": true, "error": null, "duration_seconds": 0.0536, "details": {"command": "echo 73", "cwd": "."}}
{"timestamp": "2026-06-20T20:59:18.064996+00:00", "tool": "shell", "action": "echo", "success": true, "error": null, "duration_seconds": 0.0161, "details": {"command": "echo 78", "cwd": "."}}
{"timestamp": "2026-06-20T20:59:18.070077+00:00", "tool": "shell", "action": "echo", "success": true, "error": null, "duration_seconds": 0.0328, "details": {"command": "echo 76", "cwd": "."}}
{"timestamp": "2026-06-20T20:59:18.103951+00:00", "tool": "shell", "action": "echo", "success": true, "error": null, "duration_seconds": 0.0188, "details": {"command": "echo 85", "cwd": "."}}
{"timestamp": "2026-06-20T20:59:18.101106+00:00", "tool": "shell", "action": "echo", "success": true, "error": null, "duration_seconds": 0.0316, "details": {"command": "echo 81", "cwd": "."}}
{"timestamp": "2026-06-20T20:59:18.117144+00:00", "tool": "shell", "action": "echo", "success": true, "error": null, "duration_seconds": 0.059, "details": {"command": "echo 79", "cwd": "."}}
{"timestamp": "2026-06-20T20:59:18.116274+00:00", "tool": "shell", "action": "echo", "success": true, "error": null, "duration_seconds": 0.043, "details": {"command": "echo 82", "cwd": "."}}
{"timestamp": "2026-06-20T20:59:18.121690+00:00", "tool": "shell", "action": "echo", "success": true, "error": null, "duration_seconds": 0.0285, "details": {"command": "echo 87", "cwd": "."}}
{"timestamp": "2026-06-20T20:59:18.115863+00:00", "tool": "shell", "action": "echo", "success": true, "error": null, "duration_seconds": 0.0344, "details": {"command": "echo 84", "cwd": "."}}
{"timestamp": "2026-06-20T20:59:18.122083+00:00", "tool": "shell", "action": "echo", "success": true, "error": null, "duration_seconds": 0.0151, "details": {"command": "echo 89", "cwd": "."}}
{"timestamp": "2026-06-20T20:59:18.126410+00:00", "tool": "shell", "action": "echo", "success": true, "error": null, "duration_seconds": 0.0831, "details": {"command": "echo 77", "cwd": "."}}
{"timestamp": "2026-06-20T20:59:18.136255+00:00", "tool": "shell", "action": "echo", "success": true, "error": null, "duration_seconds": 0.0224, "details": {"command": "echo 90", "cwd": "."}}
{"timestamp": "2026-06-20T20:59:18.140274+00:00", "tool": "shell", "action": "echo", "success": true, "error": null, "duration_seconds": 0.0518, "details": {"command": "echo 86", "cwd": "."}}
{"timestamp": "2026-06-20T20:59:18.126549+00:00", "tool": "shell", "action": "echo", "success": true, "error": null, "duration_seconds": 0.0287, "details": {"command": "echo 88", "cwd": "."}}
{"timestamp": "2026-06-20T20:59:18.156551+00:00", "tool": "shell", "action": "echo", "success": true, "error": null, "duration_seconds": 0.0353, "details": {"command": "echo 91", "cwd": "."}}
{"timestamp": "2026-06-20T20:59:18.114850+00:00", "tool": "shell", "action": "echo", "success": true, "error": null, "duration_seconds": 0.0387, "details": {"command": "echo 83", "cwd": "."}}
{"timestamp": "2026-06-20T20:59:18.164071+00:00", "tool": "shell", "action": "echo", "success": true, "error": null, "duration_seconds": 0.0199, "details": {"command": "echo 96", "cwd": "."}}
{"timestamp": "2026-06-20T20:59:18.165996+00:00", "tool": "shell", "action": "echo", "success": true, "error": null, "duration_seconds": 0.0106, "details": {"command": "echo 98", "cwd": "."}}
{"timestamp": "2026-06-20T20:59:18.164494+00:00", "tool": "shell", "action": "echo", "success": true, "error": null, "duration_seconds": 0.0342, "details": {"command": "echo 93", "cwd": "."}}
{"timestamp": "2026-06-20T20:59:18.167600+00:00", "tool": "shell", "action": "echo", "success": true, "error": null, "duration_seconds": 0.0421, "details": {"command": "echo 92", "cwd": "."}}
{"timestamp": "2026-06-20T20:59:18.168195+00:00", "tool": "shell", "action": "echo", "success": true, "error": null, "duration_seconds": 0.0282, "details": {"command": "echo 95", "cwd": "."}}
{"timestamp": "2026-06-20T20:59:18.169288+00:00", "tool": "shell", "action": "echo", "success": true, "error": null, "duration_seconds": 0.0188, "details": {"command": "echo 97", "cwd": "."}}
{"timestamp": "2026-06-20T20:59:18.169830+00:00", "tool": "shell", "action": "echo", "success": true, "error": null, "duration_seconds": 0.0101, "details": {"command": "echo 99", "cwd": "."}}
{"timestamp": "2026-06-20T20:59:18.169719+00:00", "tool": "shell", "action": "echo", "success": true, "error": null, "duration_seconds": 0.0361, "details": {"command": "echo 94", "cwd": "."}}
{"timestamp": "2026-06-20T21:01:26.415172+00:00", "tool": "filesystem", "action": "read", "success": false, "error": "Path não permitido: /etc/passwd", "duration_seconds": 0.0003, "details": {"path": "../../../etc/passwd"}}
{"timestamp": "2026-06-20T21:02:33.352139+00:00", "tool": "filesystem", "action": "read", "success": false, "error": "Path não permitido: /etc/passwd", "duration_seconds": 0.0005, "details": {"path": "../../../etc/passwd"}}
{"timestamp": "2026-06-20T21:05:25.180695+00:00", "tool": "shell", "action": "echo", "success": true, "error": null, "duration_seconds": 0.0029, "details": {"command": "echo hello", "cwd": "."}}
{"timestamp": "2026-06-20T21:05:25.699268+00:00", "tool": "filesystem", "action": "read", "success": false, "error": "Path não permitido: /etc/passwd", "duration_seconds": 0.0004, "details": {"path": "../../../etc/passwd"}}
{"timestamp": "2026-06-20T21:05:25.913803+00:00", "tool": "shell", "action": "echo", "success": true, "error": null, "duration_seconds": 0.0175, "details": {"command": "echo 0", "cwd": "."}}
{"timestamp": "2026-06-20T21:05:25.932211+00:00", "tool": "shell", "action": "echo", "success": true, "error": null, "duration_seconds": 0.019, "details": {"command": "echo 4", "cwd": "."}}
{"timestamp": "2026-06-20T21:05:25.939682+00:00", "tool": "shell", "action": "echo", "success": true, "error": null, "duration_seconds": 0.0313, "details": {"command": "echo 3", "cwd": "."}}
{"timestamp": "2026-06-20T21:05:25.932713+00:00", "tool": "shell", "action": "echo", "success": true, "error": null, "duration_seconds": 0.0325, "details": {"command": "echo 1", "cwd": "."}}
{"timestamp": "2026-06-20T21:05:25.941041+00:00", "tool": "shell", "action": "echo", "success": true, "error": null, "duration_seconds": 0.01, "details": {"command": "echo 8", "cwd": "."}}
{"timestamp": "2026-06-20T21:05:25.961433+00:00", "tool": "shell", "action": "echo", "success": true, "error": null, "duration_seconds": 0.0391, "details": {"command": "echo 6", "cwd": "."}}
{"timestamp": "2026-06-20T21:05:25.953209+00:00", "tool": "shell", "action": "echo", "success": true, "error": null, "duration_seconds": 0.0357, "details": {"command": "echo 5", "cwd": "."}}
{"timestamp": "2026-06-20T21:05:25.968485+00:00", "tool": "shell", "action": "echo", "success": true, "error": null, "duration_seconds": 0.0411, "details": {"command": "echo 7", "cwd": "."}}
{"timestamp": "2026-06-20T21:05:25.967751+00:00", "tool": "shell", "action": "echo", "success": true, "error": null, "duration_seconds": 0.0632, "details": {"command": "echo 2", "cwd": "."}}
{"timestamp": "2026-06-20T21:05:25.980893+00:00", "tool": "shell", "action": "echo", "success": true, "error": null, "duration_seconds": 0.0419, "details": {"command": "echo 9", "cwd": "."}}
{"timestamp": "2026-06-20T21:05:25.972338+00:00", "tool": "shell", "action": "echo", "success": true, "error": null, "duration_seconds": 0.0199, "details": {"command": "echo 12", "cwd": "."}}
{"timestamp": "2026-06-20T21:05:25.988696+00:00", "tool": "shell", "action": "echo", "success": true, "error": null, "duration_seconds": 0.0438, "details": {"command": "echo 10", "cwd": "."}}
{"timestamp": "2026-06-20T21:05:25.992111+00:00", "tool": "shell", "action": "echo", "success": true, "error": null, "duration_seconds": 0.0259, "details": {"command": "echo 14", "cwd": "."}}
{"timestamp": "2026-06-20T21:05:25.990520+00:00", "tool": "shell", "action": "echo", "success": true, "error": null, "duration_seconds": 0.042, "details": {"command": "echo 11", "cwd": "."}}
{"timestamp": "2026-06-20T21:05:26.011033+00:00", "tool": "shell", "action": "echo", "success": true, "error": null, "duration_seconds": 0.0269, "details": {"command": "echo 18", "cwd": "."}}
{"timestamp": "2026-06-20T21:05:26.011386+00:00", "tool": "shell", "action": "echo", "success": true, "error": null, "duration_seconds": 0.0396, "details": {"command": "echo 15", "cwd": "."}}
{"timestamp": "2026-06-20T21:05:26.016680+00:00", "tool": "shell", "action": "echo", "success": true, "error": null, "duration_seconds": 0.057, "details": {"command": "echo 13", "cwd": "."}}
{"timestamp": "2026-06-20T21:05:26.015908+00:00", "tool": "shell", "action": "echo", "success": true, "error": null, "duration_seconds": 0.0278, "details": {"command": "echo 19", "cwd": "."}}
{"timestamp": "2026-06-20T21:05:26.026288+00:00", "tool": "shell", "action": "echo", "success": true, "error": null, "duration_seconds": 0.0507, "details": {"command": "echo 16", "cwd": "."}}
{"timestamp": "2026-06-20T21:05:26.025599+00:00", "tool": "shell", "action": "echo", "success": true, "error": null, "duration_seconds": 0.0459, "details": {"command": "echo 17", "cwd": "."}}
{"timestamp": "2026-06-20T21:05:26.044910+00:00", "tool": "shell", "action": "echo", "success": true, "error": null, "duration_seconds": 0.0493, "details": {"command": "echo 20", "cwd": "."}}
{"timestamp": "2026-06-20T21:05:26.045506+00:00", "tool": "shell", "action": "echo", "success": true, "error": null, "duration_seconds": 0.042, "details": {"command": "echo 22", "cwd": "."}}
{"timestamp": "2026-06-20T21:05:26.052188+00:00", "tool": "shell", "action": "echo", "success": true, "error": null, "duration_seconds": 0.0372, "details": {"command": "echo 24", "cwd": "."}}
{"timestamp": "2026-06-20T21:05:26.052352+00:00", "tool": "shell", "action": "echo", "success": true, "error": null, "duration_seconds": 0.0227, "details": {"command": "echo 27", "cwd": "."}}
{"timestamp": "2026-06-20T21:05:26.070433+00:00", "tool": "shell", "action": "echo", "success": true, "error": null, "duration_seconds": 0.0207, "details": {"command": "echo 30", "cwd": "."}}
{"timestamp": "2026-06-20T21:05:26.056281+00:00", "tool": "shell", "action": "echo", "success": true, "error": null, "duration_seconds": 0.0494, "details": {"command": "echo 23", "cwd": "."}}
{"timestamp": "2026-06-20T21:05:26.066592+00:00", "tool": "shell", "action": "echo", "success": true, "error": null, "duration_seconds": 0.0467, "details": {"command": "echo 25", "cwd": "."}}
{"timestamp": "2026-06-20T21:05:26.075669+00:00", "tool": "shell", "action": "echo", "success": true, "error": null, "duration_seconds": 0.0511, "details": {"command": "echo 26", "cwd": "."}}
{"timestamp": "2026-06-20T21:05:26.070821+00:00", "tool": "shell", "action": "echo", "success": true, "error": null, "duration_seconds": 0.0716, "details": {"command": "echo 21", "cwd": "."}}
{"timestamp": "2026-06-20T21:05:26.086628+00:00", "tool": "shell", "action": "echo", "success": true, "error": null, "duration_seconds": 0.0078, "details": {"command": "echo 35", "cwd": "."}}
{"timestamp": "2026-06-20T21:05:26.071742+00:00", "tool": "shell", "action": "echo", "success": true, "error": null, "duration_seconds": 0.0161, "details": {"command": "echo 31", "cwd": "."}}
{"timestamp": "2026-06-20T21:05:26.066284+00:00", "tool": "shell", "action": "echo", "success": true, "error": null, "duration_seconds": 0.0285, "details": {"command": "echo 28", "cwd": "."}}
{"timestamp": "2026-06-20T21:05:26.090888+00:00", "tool": "shell", "action": "echo", "success": true, "error": null, "duration_seconds": 0.0463, "details": {"command": "echo 29", "cwd": "."}}
{"timestamp": "2026-06-20T21:05:26.109374+00:00", "tool": "shell", "action": "echo", "success": true, "error": null, "duration_seconds": 0.0396, "details": {"command": "echo 33", "cwd": "."}}
{"timestamp": "2026-06-20T21:05:26.118252+00:00", "tool": "shell", "action": "echo", "success": true, "error": null, "duration_seconds": 0.0435, "details": {"command": "echo 34", "cwd": "."}}
{"timestamp": "2026-06-20T21:05:26.117798+00:00", "tool": "shell", "action": "echo", "success": true, "error": null, "duration_seconds": 0.0282, "details": {"command": "echo 38", "cwd": "."}}
{"timestamp": "2026-06-20T21:05:26.123019+00:00", "tool": "shell", "action": "echo", "success": true, "error": null, "duration_seconds": 0.0199, "details": {"command": "echo 41", "cwd": "."}}
{"timestamp": "2026-06-20T21:05:26.121787+00:00", "tool": "shell", "action": "echo", "success": true, "error": null, "duration_seconds": 0.0276, "details": {"command": "echo 39", "cwd": "."}}
{"timestamp": "2026-06-20T21:05:26.126518+00:00", "tool": "shell", "action": "echo", "success": true, "error": null, "duration_seconds": 0.0619, "details": {"command": "echo 32", "cwd": "."}}
{"timestamp": "2026-06-20T21:05:26.122273+00:00", "tool": "shell", "action": "echo", "success": true, "error": null, "duration_seconds": 0.0398, "details": {"command": "echo 36", "cwd": "."}}
{"timestamp": "2026-06-20T21:05:26.142640+00:00", "tool": "shell", "action": "echo", "success": true, "error": null, "duration_seconds": 0.0269, "details": {"command": "echo 43", "cwd": "."}}
{"timestamp": "2026-06-20T21:05:26.142457+00:00", "tool": "shell", "action": "echo", "success": true, "error": null, "duration_seconds": 0.0128, "details": {"command": "echo 46", "cwd": "."}}
{"timestamp": "2026-06-20T21:05:26.117608+00:00", "tool": "shell", "action": "echo", "success": true, "error": null, "duration_seconds": 0.0318, "details": {"command": "echo 37", "cwd": "."}}
{"timestamp": "2026-06-20T21:05:26.156331+00:00", "tool": "shell", "action": "echo", "success": true, "error": null, "duration_seconds": 0.0565, "details": {"command": "echo 40", "cwd": "."}}
{"timestamp": "2026-06-20T21:05:26.159840+00:00", "tool": "shell", "action": "echo", "success": true, "error": null, "duration_seconds": 0.026, "details": {"command": "echo 47", "cwd": "."}}
{"timestamp": "2026-06-20T21:05:26.161750+00:00", "tool": "shell", "action": "echo", "success": true, "error": null, "duration_seconds": 0.0244, "details": {"command": "echo 48", "cwd": "."}}
{"timestamp": "2026-06-20T21:05:26.165647+00:00", "tool": "shell", "action": "echo", "success": true, "error": null, "duration_seconds": 0.0253, "details": {"command": "echo 49", "cwd": "."}}
{"timestamp": "2026-06-20T21:05:26.159769+00:00", "tool": "shell", "action": "echo", "success": true, "error": null, "duration_seconds": 0.0335, "details": {"command": "echo 45", "cwd": "."}}
{"timestamp": "2026-06-20T21:05:26.177326+00:00", "tool": "shell", "action": "echo", "success": true, "error": null, "duration_seconds": 0.0556, "details": {"command": "echo 44", "cwd": "."}}
{"timestamp": "2026-06-20T21:05:26.186866+00:00", "tool": "shell", "action": "echo", "success": true, "error": null, "duration_seconds": 0.0784, "details": {"command": "echo 42", "cwd": "."}}
{"timestamp": "2026-06-20T21:05:26.181429+00:00", "tool": "shell", "action": "echo", "success": true, "error": null, "duration_seconds": 0.0357, "details": {"command": "echo 50", "cwd": "."}}
{"timestamp": "2026-06-20T21:05:26.200113+00:00", "tool": "shell", "action": "echo", "success": true, "error": null, "duration_seconds": 0.0097, "details": {"command": "echo 59", "cwd": "."}}
{"timestamp": "2026-06-20T21:05:26.199000+00:00", "tool": "shell", "action": "echo", "success": true, "error": null, "duration_seconds": 0.0487, "details": {"command": "echo 51", "cwd": "."}}
{"timestamp": "2026-06-20T21:05:26.207815+00:00", "tool": "shell", "action": "echo", "success": true, "error": null, "duration_seconds": 0.0233, "details": {"command": "echo 58", "cwd": "."}}
{"timestamp": "2026-06-20T21:05:26.211639+00:00", "tool": "shell", "action": "echo", "success": true, "error": null, "duration_seconds": 0.0521, "details": {"command": "echo 52", "cwd": "."}}
{"timestamp": "2026-06-20T21:05:26.192326+00:00", "tool": "shell", "action": "echo", "success": true, "error": null, "duration_seconds": 0.0237, "details": {"command": "echo 54", "cwd": "."}}
{"timestamp": "2026-06-20T21:05:26.224304+00:00", "tool": "shell", "action": "echo", "success": true, "error": null, "duration_seconds": 0.0437, "details": {"command": "echo 57", "cwd": "."}}
{"timestamp": "2026-06-20T21:05:26.225465+00:00", "tool": "shell", "action": "echo", "success": true, "error": null, "duration_seconds": 0.053, "details": {"command": "echo 55", "cwd": "."}}
{"timestamp": "2026-06-20T21:05:26.234123+00:00", "tool": "shell", "action": "echo", "success": true, "error": null, "duration_seconds": 0.023, "details": {"command": "echo 63", "cwd": "."}}
{"timestamp": "2026-06-20T21:05:26.225907+00:00", "tool": "shell", "action": "echo", "success": true, "error": null, "duration_seconds": 0.0608, "details": {"command": "echo 53", "cwd": "."}}
{"timestamp": "2026-06-20T21:05:26.236321+00:00", "tool": "shell", "action": "echo", "success": true, "error": null, "duration_seconds": 0.0595, "details": {"command": "echo 56", "cwd": "."}}
{"timestamp": "2026-06-20T21:05:26.246840+00:00", "tool": "shell", "action": "echo", "success": true, "error": null, "duration_seconds": 0.0431, "details": {"command": "echo 61", "cwd": "."}}
{"timestamp": "2026-06-20T21:05:26.250576+00:00", "tool": "shell", "action": "echo", "success": true, "error": null, "duration_seconds": 0.0432, "details": {"command": "echo 62", "cwd": "."}}
{"timestamp": "2026-06-20T21:05:26.259486+00:00", "tool": "shell", "action": "echo", "success": true, "error": null, "duration_seconds": 0.0442, "details": {"command": "echo 64", "cwd": "."}}
{"timestamp": "2026-06-20T21:05:26.248155+00:00", "tool": "shell", "action": "echo", "success": true, "error": null, "duration_seconds": 0.0525, "details": {"command": "echo 60", "cwd": "."}}
{"timestamp": "2026-06-20T21:05:26.270170+00:00", "tool": "shell", "action": "echo", "success": true, "error": null, "duration_seconds": 0.0236, "details": {"command": "echo 70", "cwd": "."}}
{"timestamp": "2026-06-20T21:05:26.260309+00:00", "tool": "shell", "action": "echo", "success": true, "error": null, "duration_seconds": 0.0173, "details": {"command": "echo 69", "cwd": "."}}
{"timestamp": "2026-06-20T21:05:26.264903+00:00", "tool": "shell", "action": "echo", "success": true, "error": null, "duration_seconds": 0.0255, "details": {"command": "echo 68", "cwd": "."}}
{"timestamp": "2026-06-20T21:05:26.275773+00:00", "tool": "shell", "action": "echo", "success": true, "error": null, "duration_seconds": 0.0467, "details": {"command": "echo 66", "cwd": "."}}
{"timestamp": "2026-06-20T21:05:26.270050+00:00", "tool": "shell", "action": "echo", "success": true, "error": null, "duration_seconds": 0.0375, "details": {"command": "echo 67", "cwd": "."}}
{"timestamp": "2026-06-20T21:05:26.269733+00:00", "tool": "shell", "action": "echo", "success": true, "error": null, "duration_seconds": 0.016, "details": {"command": "echo 71", "cwd": "."}}
{"timestamp": "2026-06-20T21:05:26.295636+00:00", "tool": "shell", "action": "echo", "success": true, "error": null, "duration_seconds": 0.0098, "details": {"command": "echo 78", "cwd": "."}}
{"timestamp": "2026-06-20T21:05:26.297338+00:00", "tool": "shell", "action": "echo", "success": true, "error": null, "duration_seconds": 0.0328, "details": {"command": "echo 73", "cwd": "."}}
{"timestamp": "2026-06-20T21:05:26.293512+00:00", "tool": "shell", "action": "echo", "success": true, "error": null, "duration_seconds": 0.0701, "details": {"command": "echo 65", "cwd": "."}}
{"timestamp": "2026-06-20T21:05:26.308954+00:00", "tool": "shell", "action": "echo", "success": true, "error": null, "duration_seconds": 0.0349, "details": {"command": "echo 75", "cwd": "."}}
{"timestamp": "2026-06-20T21:05:26.314193+00:00", "tool": "shell", "action": "echo", "success": true, "error": null, "duration_seconds": 0.046, "details": {"command": "echo 74", "cwd": "."}}
{"timestamp": "2026-06-20T21:05:26.318009+00:00", "tool": "shell", "action": "echo", "success": true, "error": null, "duration_seconds": 0.0612, "details": {"command": "echo 72", "cwd": "."}}
{"timestamp": "2026-06-20T21:05:26.319546+00:00", "tool": "shell", "action": "echo", "success": true, "error": null, "duration_seconds": 0.0262, "details": {"command": "echo 80", "cwd": "."}}
{"timestamp": "2026-06-20T21:05:26.319711+00:00", "tool": "shell", "action": "echo", "success": true, "error": null, "duration_seconds": 0.0407, "details": {"command": "echo 76", "cwd": "."}}
{"timestamp": "2026-06-20T21:05:26.320143+00:00", "tool": "shell", "action": "echo", "success": true, "error": null, "duration_seconds": 0.0306, "details": {"command": "echo 79", "cwd": "."}}
{"timestamp": "2026-06-20T21:05:26.334266+00:00", "tool": "shell", "action": "echo", "success": true, "error": null, "duration_seconds": 0.0218, "details": {"command": "echo 84", "cwd": "."}}
{"timestamp": "2026-06-20T21:05:26.324269+00:00", "tool": "shell", "action": "echo", "success": true, "error": null, "duration_seconds": 0.0232, "details": {"command": "echo 81", "cwd": "."}}
{"timestamp": "2026-06-20T21:05:26.344264+00:00", "tool": "shell", "action": "echo", "success": true, "error": null, "duration_seconds": 0.0401, "details": {"command": "echo 82", "cwd": "."}}
{"timestamp": "2026-06-20T21:05:26.320527+00:00", "tool": "shell", "action": "echo", "success": true, "error": null, "duration_seconds": 0.0379, "details": {"command": "echo 77", "cwd": "."}}
{"timestamp": "2026-06-20T21:05:26.352235+00:00", "tool": "shell", "action": "echo", "success": true, "error": null, "duration_seconds": 0.0284, "details": {"command": "echo 86", "cwd": "."}}
{"timestamp": "2026-06-20T21:05:26.363088+00:00", "tool": "shell", "action": "echo", "success": true, "error": null, "duration_seconds": 0.031, "details": {"command": "echo 88", "cwd": "."}}
{"timestamp": "2026-06-20T21:05:26.364656+00:00", "tool": "shell", "action": "echo", "success": true, "error": null, "duration_seconds": 0.0566, "details": {"command": "echo 83", "cwd": "."}}
{"timestamp": "2026-06-20T21:05:26.364230+00:00", "tool": "shell", "action": "echo", "success": true, "error": null, "duration_seconds": 0.0359, "details": {"command": "echo 87", "cwd": "."}}
{"timestamp": "2026-06-20T21:05:26.365033+00:00", "tool": "shell", "action": "echo", "success": true, "error": null, "duration_seconds": 0.0477, "details": {"command": "echo 85", "cwd": "."}}
{"timestamp": "2026-06-20T21:05:26.366331+00:00", "tool": "shell", "action": "echo", "success": true, "error": null, "duration_seconds": 0.0151, "details": {"command": "echo 92", "cwd": "."}}
{"timestamp": "2026-06-20T21:05:26.382913+00:00", "tool": "shell", "action": "echo", "success": true, "error": null, "duration_seconds": 0.0414, "details": {"command": "echo 90", "cwd": "."}}
{"timestamp": "2026-06-20T21:05:26.365520+00:00", "tool": "shell", "action": "echo", "success": true, "error": null, "duration_seconds": 0.0278, "details": {"command": "echo 89", "cwd": "."}}
{"timestamp": "2026-06-20T21:05:26.389885+00:00", "tool": "shell", "action": "echo", "success": true, "error": null, "duration_seconds": 0.0422, "details": {"command": "echo 91", "cwd": "."}}
{"timestamp": "2026-06-20T21:05:26.366680+00:00", "tool": "shell", "action": "echo", "success": true, "error": null, "duration_seconds": 0.0105, "details": {"command": "echo 93", "cwd": "."}}
{"timestamp": "2026-06-20T21:05:26.390295+00:00", "tool": "shell", "action": "echo", "success": true, "error": null, "duration_seconds": 0.0289, "details": {"command": "echo 94", "cwd": "."}}
{"timestamp": "2026-06-20T21:05:26.390475+00:00", "tool": "shell", "action": "echo", "success": true, "error": null, "duration_seconds": 0.0123, "details": {"command": "echo 97", "cwd": "."}}
{"timestamp": "2026-06-20T21:05:26.391988+00:00", "tool": "shell", "action": "echo", "success": true, "error": null, "duration_seconds": 0.0049, "details": {"command": "echo 99", "cwd": "."}}
{"timestamp": "2026-06-20T21:05:26.392878+00:00", "tool": "shell", "action": "echo", "success": true, "error": null, "duration_seconds": 0.0223, "details": {"command": "echo 95", "cwd": "."}}
{"timestamp": "2026-06-20T21:05:26.393279+00:00", "tool": "shell", "action": "echo", "success": true, "error": null, "duration_seconds": 0.0109, "details": {"command": "echo 98", "cwd": "."}}
{"timestamp": "2026-06-20T21:05:26.393703+00:00", "tool": "shell", "action": "echo", "success": true, "error": null, "duration_seconds": 0.0195, "details": {"command": "echo 96", "cwd": "."}}
{"timestamp": "2026-06-20T21:07:28.678335+00:00", "tool": "shell", "action": "echo", "success": true, "error": null, "duration_seconds": 0.0034, "details": {"command": "echo hello", "cwd": "."}}
{"timestamp": "2026-06-20T21:07:28.794005+00:00", "tool": "shell", "action": "echo", "success": true, "error": null, "duration_seconds": 0.0032, "details": {"command": "echo hello", "cwd": "."}}
{"timestamp": "2026-06-20T21:07:29.237511+00:00", "tool": "shell", "action": "echo", "success": true, "error": null, "duration_seconds": 0.0031, "details": {"command": "echo 1", "cwd": "."}}
{"timestamp": "2026-06-20T21:07:30.665861+00:00", "tool": "filesystem", "action": "read", "success": false, "error": "Path não permitido: /etc/passwd", "duration_seconds": 0.0003, "details": {"path": "../../../etc/passwd"}}
{"timestamp": "2026-06-20T21:07:30.945940+00:00", "tool": "shell", "action": "echo", "success": true, "error": null, "duration_seconds": 0.0156, "details": {"command": "echo 2", "cwd": "."}}
{"timestamp": "2026-06-20T21:07:30.959238+00:00", "tool": "shell", "action": "echo", "success": true, "error": null, "duration_seconds": 0.0366, "details": {"command": "echo 0", "cwd": "."}}
{"timestamp": "2026-06-20T21:07:30.964703+00:00", "tool": "shell", "action": "echo", "success": true, "error": null, "duration_seconds": 0.0292, "details": {"command": "echo 3", "cwd": "."}}
{"timestamp": "2026-06-20T21:07:30.965089+00:00", "tool": "shell", "action": "echo", "success": true, "error": null, "duration_seconds": 0.0115, "details": {"command": "echo 7", "cwd": "."}}
{"timestamp": "2026-06-20T21:07:30.965593+00:00", "tool": "shell", "action": "echo", "success": true, "error": null, "duration_seconds": 0.0389, "details": {"command": "echo 1", "cwd": "."}}
{"timestamp": "2026-06-20T21:07:30.986520+00:00", "tool": "shell", "action": "echo", "success": true, "error": null, "duration_seconds": 0.0468, "details": {"command": "echo 4", "cwd": "."}}
{"timestamp": "2026-06-20T21:07:30.983934+00:00", "tool": "shell", "action": "echo", "success": true, "error": null, "duration_seconds": 0.0392, "details": {"command": "echo 5", "cwd": "."}}
{"timestamp": "2026-06-20T21:07:31.003407+00:00", "tool": "shell", "action": "echo", "success": true, "error": null, "duration_seconds": 0.0402, "details": {"command": "echo 9", "cwd": "."}}
{"timestamp": "2026-06-20T21:07:31.002929+00:00", "tool": "shell", "action": "echo", "success": true, "error": null, "duration_seconds": 0.0285, "details": {"command": "echo 11", "cwd": "."}}
{"timestamp": "2026-06-20T21:07:31.001915+00:00", "tool": "shell", "action": "echo", "success": true, "error": null, "duration_seconds": 0.0527, "details": {"command": "echo 6", "cwd": "."}}
{"timestamp": "2026-06-20T21:07:31.002341+00:00", "tool": "shell", "action": "echo", "success": true, "error": null, "duration_seconds": 0.0336, "details": {"command": "echo 10", "cwd": "."}}
{"timestamp": "2026-06-20T21:07:31.002109+00:00", "tool": "shell", "action": "echo", "success": true, "error": null, "duration_seconds": 0.0122, "details": {"command": "echo 14", "cwd": "."}}
{"timestamp": "2026-06-20T21:07:31.011370+00:00", "tool": "shell", "action": "echo", "success": true, "error": null, "duration_seconds": 0.016, "details": {"command": "echo 15", "cwd": "."}}
{"timestamp": "2026-06-20T21:07:31.031173+00:00", "tool": "shell", "action": "echo", "success": true, "error": null, "duration_seconds": 0.0723, "details": {"command": "echo 8", "cwd": "."}}
{"timestamp": "2026-06-20T21:07:31.029818+00:00", "tool": "shell", "action": "echo", "success": true, "error": null, "duration_seconds": 0.0521, "details": {"command": "echo 12", "cwd": "."}}
{"timestamp": "2026-06-20T21:07:31.036955+00:00", "tool": "shell", "action": "echo", "success": true, "error": null, "duration_seconds": 0.0298, "details": {"command": "echo 17", "cwd": "."}}
{"timestamp": "2026-06-20T21:07:31.031402+00:00", "tool": "shell", "action": "echo", "success": true, "error": null, "duration_seconds": 0.0317, "details": {"command": "echo 16", "cwd": "."}}
{"timestamp": "2026-06-20T21:07:31.032004+00:00", "tool": "shell", "action": "echo", "success": true, "error": null, "duration_seconds": 0.0212, "details": {"command": "echo 18", "cwd": "."}}
{"timestamp": "2026-06-20T21:07:31.032386+00:00", "tool": "shell", "action": "echo", "success": true, "error": null, "duration_seconds": 0.0501, "details": {"command": "echo 13", "cwd": "."}}
{"timestamp": "2026-06-20T21:07:31.058940+00:00", "tool": "shell", "action": "echo", "success": true, "error": null, "duration_seconds": 0.0301, "details": {"command": "echo 22", "cwd": "."}}
{"timestamp": "2026-06-20T21:07:31.063271+00:00", "tool": "shell", "action": "echo", "success": true, "error": null, "duration_seconds": 0.0114, "details": {"command": "echo 27", "cwd": "."}}
{"timestamp": "2026-06-20T21:07:31.032284+00:00", "tool": "shell", "action": "echo", "success": true, "error": null, "duration_seconds": 0.0129, "details": {"command": "echo 20", "cwd": "."}}
{"timestamp": "2026-06-20T21:07:31.063951+00:00", "tool": "shell", "action": "echo", "success": true, "error": null, "duration_seconds": 0.0163, "details": {"command": "echo 26", "cwd": "."}}
{"timestamp": "2026-06-20T21:07:31.064440+00:00", "tool": "shell", "action": "echo", "success": true, "error": null, "duration_seconds": 0.0406, "details": {"command": "echo 21", "cwd": "."}}
{"timestamp": "2026-06-20T21:07:31.065548+00:00", "tool": "shell", "action": "echo", "success": true, "error": null, "duration_seconds": 0.0248, "details": {"command": "echo 24", "cwd": "."}}
{"timestamp": "2026-06-20T21:07:31.064297+00:00", "tool": "shell", "action": "echo", "success": true, "error": null, "duration_seconds": 0.0484, "details": {"command": "echo 19", "cwd": "."}}
{"timestamp": "2026-06-20T21:07:31.066201+00:00", "tool": "shell", "action": "echo", "success": true, "error": null, "duration_seconds": 0.0298, "details": {"command": "echo 23", "cwd": "."}}
{"timestamp": "2026-06-20T21:07:31.073771+00:00", "tool": "shell", "action": "echo", "success": true, "error": null, "duration_seconds": 0.0296, "details": {"command": "echo 25", "cwd": "."}}
{"timestamp": "2026-06-20T21:07:31.094932+00:00", "tool": "shell", "action": "echo", "success": true, "error": null, "duration_seconds": 0.0392, "details": {"command": "echo 28", "cwd": "."}}
{"timestamp": "2026-06-20T21:07:31.106009+00:00", "tool": "shell", "action": "echo", "success": true, "error": null, "duration_seconds": 0.044, "details": {"command": "echo 29", "cwd": "."}}
{"timestamp": "2026-06-20T21:07:31.113461+00:00", "tool": "shell", "action": "echo", "success": true, "error": null, "duration_seconds": 0.028, "details": {"command": "echo 34", "cwd": "."}}
{"timestamp": "2026-06-20T21:07:31.104743+00:00", "tool": "shell", "action": "echo", "success": true, "error": null, "duration_seconds": 0.0277, "details": {"command": "echo 32", "cwd": "."}}
{"timestamp": "2026-06-20T21:07:31.105888+00:00", "tool": "shell", "action": "echo", "success": true, "error": null, "duration_seconds": 0.0327, "details": {"command": "echo 31", "cwd": "."}}
{"timestamp": "2026-06-20T21:07:31.114343+00:00", "tool": "shell", "action": "echo", "success": true, "error": null, "duration_seconds": 0.0445, "details": {"command": "echo 30", "cwd": "."}}
{"timestamp": "2026-06-20T21:07:31.131625+00:00", "tool": "shell", "action": "echo", "success": true, "error": null, "duration_seconds": 0.0337, "details": {"command": "echo 37", "cwd": "."}}
{"timestamp": "2026-06-20T21:07:31.114829+00:00", "tool": "shell", "action": "echo", "success": true, "error": null, "duration_seconds": 0.0252, "details": {"command": "echo 35", "cwd": "."}}
{"timestamp": "2026-06-20T21:07:31.130764+00:00", "tool": "shell", "action": "echo", "success": true, "error": null, "duration_seconds": 0.029, "details": {"command": "echo 38", "cwd": "."}}
{"timestamp": "2026-06-20T21:07:31.138783+00:00", "tool": "shell", "action": "echo", "success": true, "error": null, "duration_seconds": 0.0454, "details": {"command": "echo 36", "cwd": "."}}
{"timestamp": "2026-06-20T21:07:31.136464+00:00", "tool": "shell", "action": "echo", "success": true, "error": null, "duration_seconds": 0.0555, "details": {"command": "echo 33", "cwd": "."}}
{"timestamp": "2026-06-20T21:07:31.155152+00:00", "tool": "shell", "action": "echo", "success": true, "error": null, "duration_seconds": 0.0459, "details": {"command": "echo 39", "cwd": "."}}
{"timestamp": "2026-06-20T21:07:31.156663+00:00", "tool": "shell", "action": "echo", "success": true, "error": null, "duration_seconds": 0.0207, "details": {"command": "echo 44", "cwd": "."}}
{"timestamp": "2026-06-20T21:07:31.166328+00:00", "tool": "shell", "action": "echo", "success": true, "error": null, "duration_seconds": 0.0435, "details": {"command": "echo 41", "cwd": "."}}
{"timestamp": "2026-06-20T21:07:31.167124+00:00", "tool": "shell", "action": "echo", "success": true, "error": null, "duration_seconds": 0.0174, "details": {"command": "echo 47", "cwd": "."}}
{"timestamp": "2026-06-20T21:07:31.156135+00:00", "tool": "shell", "action": "echo", "success": true, "error": null, "duration_seconds": 0.0261, "details": {"command": "echo 43", "cwd": "."}}
{"timestamp": "2026-06-20T21:07:31.173766+00:00", "tool": "shell", "action": "echo", "success": true, "error": null, "duration_seconds": 0.032, "details": {"command": "echo 45", "cwd": "."}}
{"timestamp": "2026-06-20T21:07:31.178838+00:00", "tool": "shell", "action": "echo", "success": true, "error": null, "duration_seconds": 0.0599, "details": {"command": "echo 40", "cwd": "."}}
{"timestamp": "2026-06-20T21:07:31.174083+00:00", "tool": "shell", "action": "echo", "success": true, "error": null, "duration_seconds": 0.0192, "details": {"command": "echo 48", "cwd": "."}}
{"timestamp": "2026-06-20T21:07:31.179026+00:00", "tool": "shell", "action": "echo", "success": true, "error": null, "duration_seconds": 0.0338, "details": {"command": "echo 46", "cwd": "."}}
{"timestamp": "2026-06-20T21:07:31.174302+00:00", "tool": "shell", "action": "echo", "success": true, "error": null, "duration_seconds": 0.0479, "details": {"command": "echo 42", "cwd": "."}}
{"timestamp": "2026-06-20T21:07:31.204606+00:00", "tool": "shell", "action": "echo", "success": true, "error": null, "duration_seconds": 0.0273, "details": {"command": "echo 52", "cwd": "."}}
{"timestamp": "2026-06-20T21:07:31.191755+00:00", "tool": "shell", "action": "echo", "success": true, "error": null, "duration_seconds": 0.0305, "details": {"command": "echo 49", "cwd": "."}}
{"timestamp": "2026-06-20T21:07:31.215888+00:00", "tool": "shell", "action": "echo", "success": true, "error": null, "duration_seconds": 0.021, "details": {"command": "echo 56", "cwd": "."}}
{"timestamp": "2026-06-20T21:07:31.204813+00:00", "tool": "shell", "action": "echo", "success": true, "error": null, "duration_seconds": 0.0399, "details": {"command": "echo 50", "cwd": "."}}
{"timestamp": "2026-06-20T21:07:31.214595+00:00", "tool": "shell", "action": "echo", "success": true, "error": null, "duration_seconds": 0.0118, "details": {"command": "echo 58", "cwd": "."}}
{"timestamp": "2026-06-20T21:07:31.216464+00:00", "tool": "shell", "action": "echo", "success": true, "error": null, "duration_seconds": 0.0456, "details": {"command": "echo 51", "cwd": "."}}
{"timestamp": "2026-06-20T21:07:31.233878+00:00", "tool": "shell", "action": "echo", "success": true, "error": null, "duration_seconds": 0.0349, "details": {"command": "echo 57", "cwd": "."}}
{"timestamp": "2026-06-20T21:07:31.234729+00:00", "tool": "shell", "action": "echo", "success": true, "error": null, "duration_seconds": 0.021, "details": {"command": "echo 60", "cwd": "."}}
{"timestamp": "2026-06-20T21:07:31.243879+00:00", "tool": "shell", "action": "echo", "success": true, "error": null, "duration_seconds": 0.0607, "details": {"command": "echo 53", "cwd": "."}}
{"timestamp": "2026-06-20T21:07:31.239253+00:00", "tool": "shell", "action": "echo", "success": true, "error": null, "duration_seconds": 0.0486, "details": {"command": "echo 55", "cwd": "."}}
{"timestamp": "2026-06-20T21:07:31.248274+00:00", "tool": "shell", "action": "echo", "success": true, "error": null, "duration_seconds": 0.0619, "details": {"command": "echo 54", "cwd": "."}}
{"timestamp": "2026-06-20T21:07:31.254718+00:00", "tool": "shell", "action": "echo", "success": true, "error": null, "duration_seconds": 0.0304, "details": {"command": "echo 62", "cwd": "."}}
{"timestamp": "2026-06-20T21:07:31.255555+00:00", "tool": "shell", "action": "echo", "success": true, "error": null, "duration_seconds": 0.0222, "details": {"command": "echo 64", "cwd": "."}}
{"timestamp": "2026-06-20T21:07:31.260871+00:00", "tool": "shell", "action": "echo", "success": true, "error": null, "duration_seconds": 0.041, "details": {"command": "echo 61", "cwd": "."}}
{"timestamp": "2026-06-20T21:07:31.253424+00:00", "tool": "shell", "action": "echo", "success": true, "error": null, "duration_seconds": 0.0104, "details": {"command": "echo 66", "cwd": "."}}
{"timestamp": "2026-06-20T21:07:31.254268+00:00", "tool": "shell", "action": "echo", "success": true, "error": null, "duration_seconds": 0.0454, "details": {"command": "echo 59", "cwd": "."}}
{"timestamp": "2026-06-20T21:07:31.265867+00:00", "tool": "shell", "action": "echo", "success": true, "error": null, "duration_seconds": 0.0271, "details": {"command": "echo 65", "cwd": "."}}
{"timestamp": "2026-06-20T21:07:31.265176+00:00", "tool": "shell", "action": "echo", "success": true, "error": null, "duration_seconds": 0.0354, "details": {"command": "echo 63", "cwd": "."}}
{"timestamp": "2026-06-20T21:07:31.291536+00:00", "tool": "shell", "action": "echo", "success": true, "error": null, "duration_seconds": 0.0272, "details": {"command": "echo 70", "cwd": "."}}
{"timestamp": "2026-06-20T21:07:31.290441+00:00", "tool": "shell", "action": "echo", "success": true, "error": null, "duration_seconds": 0.0309, "details": {"command": "echo 69", "cwd": "."}}
{"timestamp": "2026-06-20T21:07:31.297254+00:00", "tool": "shell", "action": "echo", "success": true, "error": null, "duration_seconds": 0.0084, "details": {"command": "echo 76", "cwd": "."}}
{"timestamp": "2026-06-20T21:07:31.290596+00:00", "tool": "shell", "action": "echo", "success": true, "error": null, "duration_seconds": 0.0431, "details": {"command": "echo 67", "cwd": "."}}
{"timestamp": "2026-06-20T21:07:31.305462+00:00", "tool": "shell", "action": "echo", "success": true, "error": null, "duration_seconds": 0.036, "details": {"command": "echo 71", "cwd": "."}}
{"timestamp": "2026-06-20T21:07:31.315830+00:00", "tool": "shell", "action": "echo", "success": true, "error": null, "duration_seconds": 0.0428, "details": {"command": "echo 72", "cwd": "."}}
{"timestamp": "2026-06-20T21:07:31.315511+00:00", "tool": "shell", "action": "echo", "success": true, "error": null, "duration_seconds": 0.0377, "details": {"command": "echo 73", "cwd": "."}}
{"timestamp": "2026-06-20T21:07:31.321853+00:00", "tool": "shell", "action": "echo", "success": true, "error": null, "duration_seconds": 0.0175, "details": {"command": "echo 79", "cwd": "."}}
{"timestamp": "2026-06-20T21:07:31.316398+00:00", "tool": "shell", "action": "echo", "success": true, "error": null, "duration_seconds": 0.0632, "details": {"command": "echo 68", "cwd": "."}}
{"timestamp": "2026-06-20T21:07:31.330172+00:00", "tool": "shell", "action": "echo", "success": true, "error": null, "duration_seconds": 0.03, "details": {"command": "echo 78", "cwd": "."}}
{"timestamp": "2026-06-20T21:07:31.314328+00:00", "tool": "shell", "action": "echo", "success": true, "error": null, "duration_seconds": 0.0328, "details": {"command": "echo 74", "cwd": "."}}
{"timestamp": "2026-06-20T21:07:31.335488+00:00", "tool": "shell", "action": "echo", "success": true, "error": null, "duration_seconds": 0.0256, "details": {"command": "echo 80", "cwd": "."}}
{"timestamp": "2026-06-20T21:07:31.349273+00:00", "tool": "shell", "action": "echo", "success": true, "error": null, "duration_seconds": 0.0279, "details": {"command": "echo 82", "cwd": "."}}
{"timestamp": "2026-06-20T21:07:31.317964+00:00", "tool": "shell", "action": "echo", "success": true, "error": null, "duration_seconds": 0.0326, "details": {"command": "echo 75", "cwd": "."}}
{"timestamp": "2026-06-20T21:07:31.348285+00:00", "tool": "shell", "action": "echo", "success": true, "error": null, "duration_seconds": 0.0347, "details": {"command": "echo 81", "cwd": "."}}
{"timestamp": "2026-06-20T21:07:31.348508+00:00", "tool": "shell", "action": "echo", "success": true, "error": null, "duration_seconds": 0.054, "details": {"command": "echo 77", "cwd": "."}}
{"timestamp": "2026-06-20T21:07:31.354272+00:00", "tool": "shell", "action": "echo", "success": true, "error": null, "duration_seconds": 0.0278, "details": {"command": "echo 83", "cwd": "."}}
{"timestamp": "2026-06-20T21:07:31.366390+00:00", "tool": "shell", "action": "echo", "success": true, "error": null, "duration_seconds": 0.0197, "details": {"command": "echo 88", "cwd": "."}}
{"timestamp": "2026-06-20T21:07:31.371728+00:00", "tool": "shell", "action": "echo", "success": true, "error": null, "duration_seconds": 0.0381, "details": {"command": "echo 85", "cwd": "."}}
{"timestamp": "2026-06-20T21:07:31.358563+00:00", "tool": "shell", "action": "echo", "success": true, "error": null, "duration_seconds": 0.0289, "details": {"command": "echo 84", "cwd": "."}}
{"timestamp": "2026-06-20T21:07:31.377618+00:00", "tool": "shell", "action": "echo", "success": true, "error": null, "duration_seconds": 0.0197, "details": {"command": "echo 90", "cwd": "."}}
{"timestamp": "2026-06-20T21:07:31.386911+00:00", "tool": "shell", "action": "echo", "success": true, "error": null, "duration_seconds": 0.048, "details": {"command": "echo 86", "cwd": "."}}
{"timestamp": "2026-06-20T21:07:31.383460+00:00", "tool": "shell", "action": "echo", "success": true, "error": null, "duration_seconds": 0.0176, "details": {"command": "echo 92", "cwd": "."}}
{"timestamp": "2026-06-20T21:07:31.372901+00:00", "tool": "shell", "action": "echo", "success": true, "error": null, "duration_seconds": 0.0307, "details": {"command": "echo 87", "cwd": "."}}
{"timestamp": "2026-06-20T21:07:31.392176+00:00", "tool": "shell", "action": "echo", "success": true, "error": null, "duration_seconds": 0.03, "details": {"command": "echo 91", "cwd": "."}}
{"timestamp": "2026-06-20T21:07:31.403166+00:00", "tool": "shell", "action": "echo", "success": true, "error": null, "duration_seconds": 0.0223, "details": {"command": "echo 95", "cwd": "."}}
{"timestamp": "2026-06-20T21:07:31.403530+00:00", "tool": "shell", "action": "echo", "success": true, "error": null, "duration_seconds": 0.0514, "details": {"command": "echo 89", "cwd": "."}}
{"timestamp": "2026-06-20T21:07:31.403680+00:00", "tool": "shell", "action": "echo", "success": true, "error": null, "duration_seconds": 0.0329, "details": {"command": "echo 93", "cwd": "."}}
{"timestamp": "2026-06-20T21:07:31.404231+00:00", "tool": "shell", "action": "echo", "success": true, "error": null, "duration_seconds": 0.0279, "details": {"command": "echo 94", "cwd": "."}}
{"timestamp": "2026-06-20T21:07:31.404528+00:00", "tool": "shell", "action": "echo", "success": true, "error": null, "duration_seconds": 0.0179, "details": {"command": "echo 96", "cwd": "."}}
{"timestamp": "2026-06-20T21:07:31.406436+00:00", "tool": "shell", "action": "echo", "success": true, "error": null, "duration_seconds": 0.0068, "details": {"command": "echo 99", "cwd": "."}}
{"timestamp": "2026-06-20T21:07:31.406806+00:00", "tool": "shell", "action": "echo", "success": true, "error": null, "duration_seconds": 0.0154, "details": {"command": "echo 97", "cwd": "."}}
{"timestamp": "2026-06-20T21:07:31.407232+00:00", "tool": "shell", "action": "echo", "success": true, "error": null, "duration_seconds": 0.0113, "details": {"command": "echo 98", "cwd": "."}}
